Arguments: 
  /home/vader/.nvm/versions/node/v12.17.0/bin/node /usr/share/yarn/bin/yarn.js add typesrcipt -D

PATH: 
  /home/vader/.nvm/versions/node/v12.17.0/bin:/usr/local/sbin:/usr/local/bin:/usr/sbin:/usr/bin:/sbin:/bin:/usr/games:/usr/local/games:/home/vader/Android/Sdk/emulator:/home/vader/Android/Sdk/tools:/home/vader/Android/Sdk/tools/bin:/home/vader/Android/Sdk/platform-tools:/home/vader/android-studio/bin::/home/vader/.fzf/bin:/home/vader/Android/Sdk/emulator:/home/vader/Android/Sdk/tools:/home/vader/Android/Sdk/tools/bin:/home/vader/Android/Sdk/platform-tools:/home/vader/android-studio/bin:

Yarn version: 
  1.22.4

Node version: 
  12.17.0

Platform: 
  linux x64

Trace: 
  Error: https://registry.yarnpkg.com/typesrcipt: Not found
      at Request.params.callback [as _callback] (/usr/share/yarn/lib/cli.js:66987:18)
      at Request.self.callback (/usr/share/yarn/lib/cli.js:140748:22)
      at Request.emit (events.js:315:20)
      at Request.<anonymous> (/usr/share/yarn/lib/cli.js:141720:10)
      at Request.emit (events.js:315:20)
      at IncomingMessage.<anonymous> (/usr/share/yarn/lib/cli.js:141642:12)
      at Object.onceWrapper (events.js:421:28)
      at IncomingMessage.emit (events.js:327:22)
      at endReadableNT (_stream_readable.js:1221:12)
      at processTicksAndRejections (internal/process/task_queues.js:84:21)

npm manifest: 
  {
    "name": "typescript",
    "version": "1.0.0",
    "main": "index.js",
    "license": "MIT"
  }

yarn manifest: 
  No manifest

Lockfile: 
  No lockfile
